\BOOKMARK [0][-]{chapter.1}{\376\377\000B\000a\000c\000k\000g\000r\000o\000u\000n\000d}{}% 1
\BOOKMARK [1][-]{section.1.1}{\376\377\000B\000a\000s\000i\000c\000\040\000N\000o\000t\000i\000o\000n\000s}{chapter.1}% 2
\BOOKMARK [2][-]{subsection.1.1.1}{\376\377\000C\000a\000t\000e\000g\000o\000r\000i\000e\000s}{section.1.1}% 3
\BOOKMARK [2][-]{subsection.1.1.2}{\376\377\000M\000o\000n\000o\000,\000\040\000E\000p\000i\000\040\000a\000n\000d\000\040\000I\000s\000o}{section.1.1}% 4
\BOOKMARK [2][-]{subsection.1.1.3}{\376\377\000C\000a\000t\000e\000g\000o\000r\000i\000e\000s\000\040\000f\000r\000o\000m\000\040\000o\000t\000h\000e\000r\000\040\000c\000a\000t\000e\000g\000o\000r\000i\000e\000s}{section.1.1}% 5
\BOOKMARK [1][-]{section.1.2}{\376\377\000F\000u\000n\000c\000t\000o\000r\000s\000,\000\040\000N\000a\000t\000u\000r\000a\000l\000\040\000T\000r\000a\000n\000s\000f\000o\000r\000m\000a\000t\000i\000o\000n\000s\000,\000\040\000A\000d\000j\000o\000i\000n\000t\000s}{chapter.1}% 6
\BOOKMARK [2][-]{subsection.1.2.1}{\376\377\000F\000u\000n\000c\000t\000o\000r\000s}{section.1.2}% 7
\BOOKMARK [2][-]{subsection.1.2.2}{\376\377\000N\000a\000t\000u\000r\000a\000l\000\040\000T\000r\000a\000n\000s\000f\000o\000r\000m\000a\000t\000i\000o\000n\000s}{section.1.2}% 8
\BOOKMARK [2][-]{subsection.1.2.3}{\376\377\000F\000u\000n\000c\000t\000o\000r\000\040\000C\000a\000t\000e\000g\000o\000r\000i\000e\000s}{section.1.2}% 9
\BOOKMARK [2][-]{subsection.1.2.4}{\376\377\000C\000o\000m\000m\000a\000\040\000C\000a\000t\000e\000g\000o\000r\000i\000e\000s}{section.1.2}% 10
\BOOKMARK [2][-]{subsection.1.2.5}{\376\377\000A\000d\000j\000o\000i\000n\000t\000s}{section.1.2}% 11
\BOOKMARK [1][-]{section.1.3}{\376\377\000U\000n\000i\000v\000e\000r\000s\000a\000l\000\040\000C\000o\000n\000s\000t\000r\000u\000c\000t\000i\000o\000n\000s}{chapter.1}% 12
\BOOKMARK [2][-]{subsection.1.3.1}{\376\377\000I\000n\000i\000t\000i\000a\000l\000\040\000a\000n\000d\000\040\000T\000e\000r\000m\000i\000n\000a\000l\000\040\000O\000b\000j\000e\000c\000t\000s}{section.1.3}% 13
\BOOKMARK [2][-]{subsection.1.3.2}{\376\377\000P\000r\000o\000d\000u\000c\000t\000s\000\040\000a\000n\000d\000\040\000C\000o\000p\000r\000o\000d\000u\000c\000t\000s}{section.1.3}% 14
\BOOKMARK [2][-]{subsection.1.3.3}{\376\377\000E\000q\000u\000a\000l\000i\000z\000e\000r\000s\000\040\000a\000n\000d\000\040\000C\000o\000e\000q\000u\000a\000l\000i\000z\000e\000r\000s}{section.1.3}% 15
\BOOKMARK [2][-]{subsection.1.3.4}{\376\377\000P\000u\000l\000l\000b\000a\000c\000k\000s\000\040\000a\000n\000d\000\040\000P\000u\000s\000h\000o\000u\000t\000s}{section.1.3}% 16
\BOOKMARK [2][-]{subsection.1.3.5}{\376\377\000L\000i\000m\000i\000t\000s\000\040\000a\000n\000d\000\040\000C\000o\000l\000i\000m\000i\000t\000s}{section.1.3}% 17
\BOOKMARK [1][-]{section.1.4}{\376\377\000A\000d\000h\000e\000s\000i\000v\000i\000t\000y}{chapter.1}% 18
\BOOKMARK [0][-]{chapter.2}{\376\377\000C\000a\000t\000e\000g\000o\000r\000i\000e\000s\000\040\000o\000f\000\040\000G\000r\000a\000p\000h\000s}{}% 19
\BOOKMARK [1][-]{section.2.1}{\376\377\000S\000e\000t\000-\000T\000h\000e\000o\000r\000e\000t\000i\000c\000\040\000D\000e\000f\000i\000n\000i\000t\000i\000o\000n\000s\000\040\000o\000f\000\040\000G\000r\000a\000p\000h\000s}{chapter.2}% 20
\BOOKMARK [2][-]{subsection.2.1.1}{\376\377\000G\000r\000a\000p\000h\000s}{section.2.1}% 21
\BOOKMARK [2][-]{subsection.2.1.2}{\376\377\000G\000r\000a\000p\000h\000\040\000w\000i\000t\000h\000\040\000E\000q\000u\000i\000v\000a\000l\000e\000n\000c\000e\000s}{section.2.1}% 22
\BOOKMARK [1][-]{section.2.2}{\376\377\000G\000r\000a\000p\000h\000s\000\040\000a\000s\000\040\000F\000u\000n\000c\000t\000o\000r\000s}{chapter.2}% 23
\BOOKMARK [1][-]{section.2.3}{\376\377\000E\000-\000G\000r\000a\000p\000h\000s}{chapter.2}% 24
\BOOKMARK [0][-]{appendix.A}{\376\377\000O\000m\000i\000t\000t\000e\000d\000\040\000P\000r\000o\000o\000f\000s}{}% 25
