\BOOKMARK [1][-]{section.1}{\376\377\000I\000n\000t\000r\000o\000d\000u\000c\000t\000i\000o\000n}{}% 1
\BOOKMARK [1][-]{section.2}{\376\377\000F\000a\000c\000t\000s\000\040\000a\000b\000o\000u\000t\000\040\000M\000-\000a\000d\000h\000e\000s\000i\000v\000e\000\040\000c\000a\000t\000e\000g\000o\000r\000i\000e\000s\000\040\000a\000n\000d\000\040\000k\000e\000r\000n\000e\000l\000\040\000p\000a\000i\000r\000s}{}% 2
\BOOKMARK [2][-]{subsection.2.1}{\376\377\000M\000-\000a\000d\000h\000e\000s\000i\000v\000i\000t\000y}{section.2}% 3
\BOOKMARK [2][-]{subsection.2.2}{\376\377\000S\000o\000m\000e\000\040\000p\000r\000o\000p\000e\000r\000t\000i\000e\000s\000\040\000o\000f\000\040\000k\000e\000r\000n\000e\000l\000\040\000p\000a\000i\000r\000s\000\040\000a\000n\000d\000\040\000r\000e\000g\000u\000l\000a\000r\000\040\000e\000p\000i\000m\000o\000r\000p\000h\000i\000s\000m\000s}{section.2}% 4
\BOOKMARK [1][-]{section.3}{\376\377\000H\000y\000p\000e\000r\000g\000r\000a\000p\000h\000i\000c\000a\000l\000\040\000s\000t\000r\000u\000c\000t\000u\000r\000e\000s}{}% 5
\BOOKMARK [2][-]{subsection.3.1}{\376\377\000T\000h\000e\000\040\000c\000a\000t\000e\000g\000o\000r\000y\000\040\000o\000f\000\040\000h\000y\000p\000e\000r\000g\000r\000a\000p\000h\000s}{section.3}% 6
\BOOKMARK [3][-]{subsubsection.3.1.1}{\376\377\000L\000a\000b\000e\000l\000l\000i\000n\000g\000\040\000h\000y\000p\000e\000r\000g\000r\000a\000p\000h\000\040\000w\000i\000t\000h\000\040\000a\000n\000\040\000a\000l\000g\000e\000b\000r\000a\000i\000c\000\040\000s\000i\000g\000n\000a\000t\000u\000r\000e}{subsection.3.1}% 7
\BOOKMARK [2][-]{subsection.3.2}{\376\377\000T\000e\000r\000m\000\040\000G\000r\000a\000p\000h\000s}{section.3}% 8
\BOOKMARK [1][-]{section.4}{\376\377\000A\000d\000d\000i\000n\000g\000\040\000e\000q\000u\000i\000v\000a\000l\000e\000n\000c\000e\000s\000\040\000t\000o\000\040\000h\000y\000p\000e\000r\000g\000r\000a\000p\000h\000i\000c\000a\000l\000\040\000s\000t\000r\000u\000c\000t\000u\000r\000e\000s}{}% 9
\BOOKMARK [2][-]{subsection.4.1}{\376\377\000H\000y\000p\000e\000r\000g\000r\000a\000p\000h\000s\000\040\000w\000i\000t\000h\000\040\000e\000q\000u\000i\000v\000a\000l\000e\000n\000c\000e}{section.4}% 10
\BOOKMARK [2][-]{subsection.4.2}{\376\377\000T\000e\000r\000m\000\040\000g\000r\000a\000p\000h\000s\000\040\000w\000i\000t\000h\000\040\000e\000q\000u\000i\000v\000a\000l\000e\000n\000c\000e}{section.4}% 11
\BOOKMARK [1][-]{section.5}{\376\377\000E\000G\000G\000s}{}% 12
\BOOKMARK [2][-]{subsection.5.1}{\376\377\000E\000-\000h\000y\000p\000e\000r\000g\000r\000a\000p\000h\000s}{section.5}% 13
\BOOKMARK [2][-]{subsection.5.2}{\376\377\000E\000-\000t\000e\000r\000m\000\040\000g\000r\000a\000p\000h\000s\000,\000\040\000a\000.\000k\000.\000a\000.\000\040\000E\000G\000G\000s}{section.5}% 14
\BOOKMARK [1][-]{section.6}{\376\377\000P\000r\000o\000s\000\040\000a\000n\000d\000\040\000c\000o\000n\000s\000\040\000o\000f\000\040\000a\000d\000h\000e\000s\000i\000v\000e\000\040\000r\000e\000w\000r\000i\000t\000i\000n\000g}{}% 15
\BOOKMARK [1][-]{section.7}{\376\377\000C\000o\000n\000c\000l\000u\000s\000i\000o\000n\000s\000\040\000a\000n\000d\000\040\000f\000u\000r\000t\000h\000e\000r\000\040\000a\000n\000d\000\040\000r\000e\000l\000a\000t\000e\000d\000\040\000w\000o\000r\000k\000s}{}% 16
\BOOKMARK [1][-]{appendix.A}{\376\377\000O\000m\000i\000t\000t\000e\000d\000\040\000p\000r\000o\000o\000f\000s}{}% 17
\BOOKMARK [2][-]{subsection.A.1}{\376\377\000P\000r\000o\000o\000f\000s\000\040\000f\000o\000r\000\040\000s\000e\000c\000:\000a\000d\000e}{appendix.A}% 18
\BOOKMARK [2][-]{subsection.A.2}{\376\377\000P\000r\000o\000o\000f\000s\000\040\000f\000o\000r\000\040\000h\000y\000p\000e\000r\000e\000q}{appendix.A}% 19
\BOOKMARK [2][-]{subsection.A.3}{\376\377\000P\000r\000o\000o\000f\000s\000\040\000f\000o\000r\000\040\000e\000g\000g\000s}{appendix.A}% 20
\BOOKMARK [1][-]{appendix.B}{\376\377\000S\000o\000m\000e\000\040\000p\000r\000o\000p\000e\000r\000t\000i\000e\000s\000\040\000o\000f\000\040\000c\000o\000m\000m\000a\000\040\000c\000a\000t\000e\000g\000o\000r\000i\000e\000s}{}% 21
\BOOKMARK [2][-]{subsection.B.1}{\376\377\000S\000l\000i\000c\000e\000\040\000c\000a\000t\000e\000g\000o\000r\000i\000e\000s}{appendix.B}% 22
