This is pdfTeX, Version 3.141592653-2.6-1.40.27 (TeX Live 2026/dev/Arch Linux) (preloaded format=pdflatex 2025.4.18)  3 JUL 2025 19:18
entering extended mode
 restricted \write18 enabled.
 %&-line parsing enabled.
**finalArxiv.tex
(./finalArxiv.tex
LaTeX2e <2024-11-01> patch level 2
L3 programming layer <2025-01-18>
(/usr/share/texmf-dist/tex/latex/elsarticle/elsarticle.cls
Document Class: elsarticle 2025/01/11, 3.4c: Elsevier Ltd
(/usr/share/texmf-dist/tex/latex/base/fontenc.sty
Package: fontenc 2021/04/29 v2.0v Standard LaTeX package
)
(/usr/share/texmf-dist/tex/latex/l3kernel/expl3.sty
Package: expl3 2025-01-18 L3 programming layer (loader) 

(/usr/share/texmf-dist/tex/latex/l3backend/l3backend-pdftex.def
File: l3backend-pdftex.def 2024-05-08 L3 backend support: PDF output (pdfTeX)
\l__color_backend_stack_int=\count196
\l__pdf_internal_box=\box52
))
(/usr/share/texmf-dist/tex/latex/l3packages/xparse/xparse.sty
Package: xparse 2024-08-16 L3 Experimental document command parser
)
(/usr/share/texmf-dist/tex/latex/etoolbox/etoolbox.sty
Package: etoolbox 2025/02/11 v2.5l e-TeX tools for LaTeX (JAW)
\etb@tempcnta=\count197
)
\@bls=\dimen141

(/usr/share/texmf-dist/tex/latex/base/article.cls
Document Class: article 2024/06/29 v1.4n Standard LaTeX document class
(/usr/share/texmf-dist/tex/latex/base/size10.clo
File: size10.clo 2024/06/29 v1.4n Standard LaTeX file (size option)
)
\c@part=\count198
\c@section=\count199
\c@subsection=\count266
\c@subsubsection=\count267
\c@paragraph=\count268
\c@subparagraph=\count269
\c@figure=\count270
\c@table=\count271
\abovecaptionskip=\skip49
\belowcaptionskip=\skip50
\bibindent=\dimen142
)
(/usr/share/texmf-dist/tex/latex/graphics/graphicx.sty
Package: graphicx 2021/09/16 v1.2d Enhanced LaTeX Graphics (DPC,SPQR)

(/usr/share/texmf-dist/tex/latex/graphics/keyval.sty
Package: keyval 2022/05/29 v1.15 key=value parser (DPC)
\KV@toks@=\toks17
)
(/usr/share/texmf-dist/tex/latex/graphics/graphics.sty
Package: graphics 2024/08/06 v1.4g Standard LaTeX Graphics (DPC,SPQR)

(/usr/share/texmf-dist/tex/latex/graphics/trig.sty
Package: trig 2023/12/02 v1.11 sin cos tan (DPC)
)
(/usr/share/texmf-dist/tex/latex/graphics-cfg/graphics.cfg
File: graphics.cfg 2016/06/04 v1.11 sample graphics configuration
)
Package graphics Info: Driver file: pdftex.def on input line 106.

(/usr/share/texmf-dist/tex/latex/graphics-def/pdftex.def
File: pdftex.def 2024/04/13 v1.2c Graphics/color driver for pdftex
))
\Gin@req@height=\dimen143
\Gin@req@width=\dimen144
)
\c@tnote=\count272
\c@fnote=\count273
\c@cnote=\count274
\c@ead=\count275
\c@elsarticle@author=\count276
\@eadauthor=\toks18
\c@affn=\count277
\absbox=\box53
\elsarticlehighlightsbox=\box54
\elsarticlegrabsbox=\box55
\keybox=\box56
\Columnwidth=\dimen145
\space@left=\dimen146
\els@boxa=\box57
\els@boxb=\box58
\leftMargin=\dimen147
\@enLab=\toks19
\@sep=\skip51
\@@sep=\skip52
 (./finalArxiv.spl)
(/usr/share/texmf-dist/tex/latex/natbib/natbib.sty
Package: natbib 2010/09/13 8.31b (PWD, AO)
\bibhang=\skip53
\bibsep=\skip54
LaTeX Info: Redefining \cite on input line 694.
\c@NAT@ctr=\count278
)
\splwrite=\write3
\openout3 = `finalArxiv.spl'.

\appnamewidth=\dimen148
)
(/usr/share/texmf-dist/tex/latex/stmaryrd/stmaryrd.sty
Package: stmaryrd 1994/03/03 St Mary's Road symbol package
\symstmry=\mathgroup4
LaTeX Font Info:    Overwriting symbol font `stmry' in version `bold'
(Font)                  U/stmry/m/n --> U/stmry/b/n on input line 89.
)
(/usr/share/texmf-dist/tex/latex/bbding/bbding.sty
Package: bbding 1999/04/15 v1.01 Dingbats symbols
)
(/usr/share/texmf-dist/tex/latex/amscls/amsthm.sty
Package: amsthm 2020/05/29 v2.20.6
\thm@style=\toks20
\thm@bodyfont=\toks21
\thm@headfont=\toks22
\thm@notefont=\toks23
\thm@headpunct=\toks24
\thm@preskip=\skip55
\thm@postskip=\skip56
\thm@headsep=\skip57
\dth@everypar=\toks25
LaTeX Info: Redefining \qed on input line 273.
)
(/usr/share/texmf-dist/tex/latex/amsmath/amsmath.sty
Package: amsmath 2024/11/05 v2.17t AMS math features
\@mathmargin=\skip58

For additional information on amsmath, use the `?' option.
(/usr/share/texmf-dist/tex/latex/amsmath/amstext.sty
Package: amstext 2021/08/26 v2.01 AMS text

(/usr/share/texmf-dist/tex/latex/amsmath/amsgen.sty
File: amsgen.sty 1999/11/30 v2.0 generic functions
\@emptytoks=\toks26
\ex@=\dimen149
))
(/usr/share/texmf-dist/tex/latex/amsmath/amsbsy.sty
Package: amsbsy 1999/11/29 v1.2d Bold Symbols
\pmbraise@=\dimen150
)
(/usr/share/texmf-dist/tex/latex/amsmath/amsopn.sty
Package: amsopn 2022/04/08 v2.04 operator names
)
\inf@bad=\count279
LaTeX Info: Redefining \frac on input line 233.
\uproot@=\count280
\leftroot@=\count281
LaTeX Info: Redefining \overline on input line 398.
LaTeX Info: Redefining \colon on input line 409.
\classnum@=\count282
\DOTSCASE@=\count283
LaTeX Info: Redefining \ldots on input line 495.
LaTeX Info: Redefining \dots on input line 498.
LaTeX Info: Redefining \cdots on input line 619.
\Mathstrutbox@=\box59
\strutbox@=\box60
LaTeX Info: Redefining \big on input line 721.
LaTeX Info: Redefining \Big on input line 722.
LaTeX Info: Redefining \bigg on input line 723.
LaTeX Info: Redefining \Bigg on input line 724.
\big@size=\dimen151
LaTeX Font Info:    Redeclaring font encoding OML on input line 742.
LaTeX Font Info:    Redeclaring font encoding OMS on input line 743.
\macc@depth=\count284
LaTeX Info: Redefining \bmod on input line 904.
LaTeX Info: Redefining \pmod on input line 909.
LaTeX Info: Redefining \smash on input line 939.
LaTeX Info: Redefining \relbar on input line 969.
LaTeX Info: Redefining \Relbar on input line 970.
\c@MaxMatrixCols=\count285
\dotsspace@=\muskip17
\c@parentequation=\count286
\dspbrk@lvl=\count287
\tag@help=\toks27
\row@=\count288
\column@=\count289
\maxfields@=\count290
\andhelp@=\toks28
\eqnshift@=\dimen152
\alignsep@=\dimen153
\tagshift@=\dimen154
\tagwidth@=\dimen155
\totwidth@=\dimen156
\lineht@=\dimen157
\@envbody=\toks29
\multlinegap=\skip59
\multlinetaggap=\skip60
\mathdisplay@stack=\toks30
LaTeX Info: Redefining \[ on input line 2953.
LaTeX Info: Redefining \] on input line 2954.
)
(/usr/share/texmf-dist/tex/latex/amsfonts/amssymb.sty
Package: amssymb 2013/01/14 v3.01 AMS font symbols

(/usr/share/texmf-dist/tex/latex/amsfonts/amsfonts.sty
Package: amsfonts 2013/01/14 v3.01 Basic AMSFonts support
\symAMSa=\mathgroup5
\symAMSb=\mathgroup6
LaTeX Font Info:    Redeclaring math symbol \hbar on input line 98.
LaTeX Font Info:    Overwriting math alphabet `\mathfrak' in version `bold'
(Font)                  U/euf/m/n --> U/euf/b/n on input line 106.
)
LaTeX Font Info:    Redeclaring math symbol \boxdot on input line 44.
)
(/usr/share/texmf-dist/tex/latex/jknapltx/mathrsfs.sty
Package: mathrsfs 1996/01/01 Math RSFS package v1.0 (jk)
\symrsfs=\mathgroup7
)
(/usr/share/texmf-dist/tex/latex/doublestroke/dsfont.sty
Package: dsfont 1995/08/01 v0.1 Double stroke roman fonts
)
\c@theorem=\count291

(/usr/share/texmf-dist/tex/latex/thmtools/thmtools.sty
Package: thmtools 2023/05/04 v0.76
\thmt@toks=\toks31
\c@thmt@dummyctr=\count292

(/usr/share/texmf-dist/tex/latex/thmtools/thm-patch.sty
Package: thm-patch 2023/05/04 v0.76

(/usr/share/texmf-dist/tex/latex/thmtools/parseargs.sty
Package: parseargs 2023/05/04 v0.76
\@parsespec=\toks32
))
(/usr/share/texmf-dist/tex/latex/thmtools/thm-kv.sty
Package: thm-kv 2023/05/04 v0.76
Package thm-kv Info: Theorem names will be uppercased on input line 42.

(/usr/share/texmf-dist/tex/latex/kvsetkeys/kvsetkeys.sty
Package: kvsetkeys 2022-10-05 v1.19 Key value parser (HO)
)
Package thm-kv Info: kvsetkeys patch (v1.16 or later) on input line 158.
)
(/usr/share/texmf-dist/tex/latex/thmtools/thm-autoref.sty
Package: thm-autoref 2023/05/04 v0.76

(/usr/share/texmf-dist/tex/latex/thmtools/aliasctr.sty
Package: aliasctr 2023/05/04 v0.76
))
(/usr/share/texmf-dist/tex/latex/thmtools/thm-listof.sty
Package: thm-listof 2023/05/04 v0.76
)
(/usr/share/texmf-dist/tex/latex/thmtools/thm-restate.sty
Package: thm-restate 2023/05/04 v0.76
)
(/usr/share/texmf-dist/tex/latex/thmtools/thm-amsthm.sty
Package: thm-amsthm 2023/05/04 v0.76
\thmt@style@headstyle=\toks33
))
(/usr/share/texmf-dist/tex/latex/hyperref/hyperref.sty
Package: hyperref 2024-11-05 v7.01l Hypertext links for LaTeX

(/usr/share/texmf-dist/tex/generic/iftex/iftex.sty
Package: iftex 2024/12/12 v1.0g TeX engine tests
)
(/usr/share/texmf-dist/tex/generic/kvdefinekeys/kvdefinekeys.sty
Package: kvdefinekeys 2019-12-19 v1.6 Define keys (HO)
)
(/usr/share/texmf-dist/tex/generic/pdfescape/pdfescape.sty
Package: pdfescape 2019/12/09 v1.15 Implements pdfTeX's escape features (HO)

(/usr/share/texmf-dist/tex/generic/ltxcmds/ltxcmds.sty
Package: ltxcmds 2023-12-04 v1.26 LaTeX kernel commands for general use (HO)
)
(/usr/share/texmf-dist/tex/generic/pdftexcmds/pdftexcmds.sty
Package: pdftexcmds 2020-06-27 v0.33 Utility functions of pdfTeX for LuaTeX (HO
)

(/usr/share/texmf-dist/tex/generic/infwarerr/infwarerr.sty
Package: infwarerr 2019/12/03 v1.5 Providing info/warning/error messages (HO)
)
Package pdftexcmds Info: \pdf@primitive is available.
Package pdftexcmds Info: \pdf@ifprimitive is available.
Package pdftexcmds Info: \pdfdraftmode found.
))
(/usr/share/texmf-dist/tex/latex/hycolor/hycolor.sty
Package: hycolor 2020-01-27 v1.10 Color options for hyperref/bookmark (HO)
)
(/usr/share/texmf-dist/tex/latex/hyperref/nameref.sty
Package: nameref 2023-11-26 v2.56 Cross-referencing by name of section

(/usr/share/texmf-dist/tex/latex/refcount/refcount.sty
Package: refcount 2019/12/15 v3.6 Data extraction from label references (HO)
)
(/usr/share/texmf-dist/tex/generic/gettitlestring/gettitlestring.sty
Package: gettitlestring 2019/12/15 v1.6 Cleanup title references (HO)

(/usr/share/texmf-dist/tex/latex/kvoptions/kvoptions.sty
Package: kvoptions 2022-06-15 v3.15 Key value format for package options (HO)
))
\c@section@level=\count293
)
(/usr/share/texmf-dist/tex/generic/stringenc/stringenc.sty
Package: stringenc 2019/11/29 v1.12 Convert strings between diff. encodings (HO
)
)
\@linkdim=\dimen158
\Hy@linkcounter=\count294
\Hy@pagecounter=\count295

(/usr/share/texmf-dist/tex/latex/hyperref/pd1enc.def
File: pd1enc.def 2024-11-05 v7.01l Hyperref: PDFDocEncoding definition (HO)
Now handling font encoding PD1 ...
... no UTF-8 mapping file for font encoding PD1
)
(/usr/share/texmf-dist/tex/generic/intcalc/intcalc.sty
Package: intcalc 2019/12/15 v1.3 Expandable calculations with integers (HO)
)
\Hy@SavedSpaceFactor=\count296

(/usr/share/texmf-dist/tex/latex/hyperref/puenc.def
File: puenc.def 2024-11-05 v7.01l Hyperref: PDF Unicode definition (HO)
Now handling font encoding PU ...
... no UTF-8 mapping file for font encoding PU
)
Package hyperref Info: Hyper figures OFF on input line 4157.
Package hyperref Info: Link nesting OFF on input line 4162.
Package hyperref Info: Hyper index ON on input line 4165.
Package hyperref Info: Plain pages OFF on input line 4172.
Package hyperref Info: Backreferencing OFF on input line 4177.
Package hyperref Info: Implicit mode ON; LaTeX internals redefined.
Package hyperref Info: Bookmarks ON on input line 4424.
\c@Hy@tempcnt=\count297

(/usr/share/texmf-dist/tex/latex/url/url.sty
\Urlmuskip=\muskip18
Package: url 2013/09/16  ver 3.4  Verb mode for urls, etc.
)
LaTeX Info: Redefining \url on input line 4763.
\XeTeXLinkMargin=\dimen159

(/usr/share/texmf-dist/tex/generic/bitset/bitset.sty
Package: bitset 2019/12/09 v1.3 Handle bit-vector datatype (HO)

(/usr/share/texmf-dist/tex/generic/bigintcalc/bigintcalc.sty
Package: bigintcalc 2019/12/15 v1.5 Expandable calculations on big integers (HO
)
))
\Fld@menulength=\count298
\Field@Width=\dimen160
\Fld@charsize=\dimen161
Package hyperref Info: Hyper figures OFF on input line 6042.
Package hyperref Info: Link nesting OFF on input line 6047.
Package hyperref Info: Hyper index ON on input line 6050.
Package hyperref Info: backreferencing OFF on input line 6057.
Package hyperref Info: Link coloring OFF on input line 6062.
Package hyperref Info: Link coloring with OCG OFF on input line 6067.
Package hyperref Info: PDF/A mode OFF on input line 6072.

(/usr/share/texmf-dist/tex/latex/base/atbegshi-ltx.sty
Package: atbegshi-ltx 2021/01/10 v1.0c Emulation of the original atbegshi
package with kernel methods
)
\Hy@abspage=\count299
\c@Item=\count300
\c@Hfootnote=\count301
)
Package hyperref Info: Driver: hpdftex.

(/usr/share/texmf-dist/tex/latex/hyperref/hpdftex.def
File: hpdftex.def 2024-11-05 v7.01l Hyperref driver for pdfTeX

(/usr/share/texmf-dist/tex/latex/base/atveryend-ltx.sty
Package: atveryend-ltx 2020/08/19 v1.0a Emulation of the original atveryend pac
kage
with kernel methods
)
\Fld@listcount=\count302
\c@bookmark@seq@number=\count303

(/usr/share/texmf-dist/tex/latex/rerunfilecheck/rerunfilecheck.sty
Package: rerunfilecheck 2022-07-10 v1.10 Rerun checks for auxiliary files (HO)

(/usr/share/texmf-dist/tex/generic/uniquecounter/uniquecounter.sty
Package: uniquecounter 2019/12/15 v1.4 Provide unlimited unique counter (HO)
)
Package uniquecounter Info: New unique counter `rerunfilecheck' on input line 2
85.
)
\Hy@SectionHShift=\skip61
)
(/usr/share/texmf-dist/tex/latex/cleveref/cleveref.sty
Package: cleveref 2018/03/27 v0.21.4 Intelligent cross-referencing
Package cleveref Info: `hyperref' support loaded on input line 2370.
LaTeX Info: Redefining \cref on input line 2370.
LaTeX Info: Redefining \Cref on input line 2370.
LaTeX Info: Redefining \crefrange on input line 2370.
LaTeX Info: Redefining \Crefrange on input line 2370.
LaTeX Info: Redefining \cpageref on input line 2370.
LaTeX Info: Redefining \Cpageref on input line 2370.
LaTeX Info: Redefining \cpagerefrange on input line 2370.
LaTeX Info: Redefining \Cpagerefrange on input line 2370.
LaTeX Info: Redefining \labelcref on input line 2370.
LaTeX Info: Redefining \labelcpageref on input line 2370.
Package cleveref Info: `amsthm' support loaded on input line 3026.
)
(/usr/share/texmf-dist/tex/generic/xypic/xy.sty
(/usr/share/texmf-dist/tex/generic/xypic/xy.tex Bootstrap'ing: catcodes,
docmode, (/usr/share/texmf-dist/tex/generic/xypic/xyrecat.tex)
(/usr/share/texmf-dist/tex/generic/xypic/xyidioms.tex)

 Xy-pic version 3.8.9 <2013/10/06>
 Copyright (c) 1991-2013 by Kristoffer H. Rose <krisrose@tug.org> and others
 Xy-pic is free software: see the User's Guide for details.

Loading kernel: messages; fonts; allocations: state,
\X@c=\dimen162
\Y@c=\dimen163
\U@c=\dimen164
\D@c=\dimen165
\L@c=\dimen166
\R@c=\dimen167
\Edge@c=\toks34
\X@p=\dimen168
\Y@p=\dimen169
\U@p=\dimen170
\D@p=\dimen171
\L@p=\dimen172
\R@p=\dimen173
\Edge@p=\toks35
\X@origin=\dimen174
\Y@origin=\dimen175
\X@xbase=\dimen176
\Y@xbase=\dimen177
\X@ybase=\dimen178
\Y@ybase=\dimen179
\X@min=\dimen180
\Y@min=\dimen181
\X@max=\dimen182
\Y@max=\dimen183
\lastobjectbox@=\box61
\zerodotbox@=\box62
\almostz@=\dimen184
 direction,
\d@X=\dimen185
\d@Y=\dimen186
\K@=\count304
\KK@=\count305
\Direction=\count306
\K@dXdY=\dimen187
\K@dYdX=\dimen188
\xyread@=\read2
\xywrite@=\write4
\csp@=\count307
\quotPTK@=\dimen189

utility macros; pictures: \xy, positions,
\swaptoks@@=\toks36
\connectobjectbox@@=\box63
 objects,
\styletoks@=\toks37
 decorations;
kernel objects: directionals, circles, text; options; algorithms: directions,
edges, connections;  Xy-pic loaded)
(/usr/share/texmf-dist/tex/generic/iftex/ifpdf.sty
Package: ifpdf 2019/10/25 v3.4 ifpdf legacy package. Use iftex instead.
)
Package: xy 2013/10/06 Xy-pic version 3.8.9

(/usr/share/texmf-dist/tex/generic/xypic/xypdf.tex
 Xy-pic option: PDF driver v.1.7 loaded)
(/usr/share/texmf-dist/tex/generic/xypic/xycmtip.tex
 Xy-pic option: Computer Modern tip extension v.3.7
(/usr/share/texmf-dist/tex/generic/xypic/xytips.tex
 Xy-pic option: More Tips extension v.3.11 loaded) loaded)
(/usr/share/texmf-dist/tex/generic/xypic/xyall.tex
 Xy-pic option: All features v.3.8
(/usr/share/texmf-dist/tex/generic/xypic/xycurve.tex
 Xy-pic option: Curve and Spline extension v.3.12 curve,
\crv@cnt@=\count308
\crvpts@=\toks38
\splinebox@=\box64
\splineval@=\dimen190
\splinedepth@=\dimen191
\splinetol@=\dimen192
\splinelength@=\dimen193
 circles,
\L@=\dimen194
 loaded)
Xy-pic pdf driver: `curve' extension support
(/usr/share/texmf-dist/tex/generic/xypic/xypdf-cu.tex loaded)
(/usr/share/texmf-dist/tex/generic/xypic/xyframe.tex
 Xy-pic option: Frame and Bracket extension v.3.14 loaded)
Xy-pic pdf driver: `frame' extension support
(/usr/share/texmf-dist/tex/generic/xypic/xypdf-fr.tex loaded)
(/usr/share/texmf-dist/tex/generic/xypic/xyline.tex
 Xy-pic option: Line styles extension v.3.10
\xylinethick@=\dimen195
 loaded)
Xy-pic pdf driver: `line' extension support
(/usr/share/texmf-dist/tex/generic/xypic/xypdf-li.tex loaded)
(/usr/share/texmf-dist/tex/generic/xypic/xyrotate.tex
 Xy-pic option: Rotate and Scale extension v.3.8 loaded)
Xy-pic pdf driver: `rotate' extension support
(/usr/share/texmf-dist/tex/generic/xypic/xypdf-ro.tex loaded)
(/usr/share/texmf-dist/tex/generic/xypic/xycolor.tex
 Xy-pic option: Colour extension v.3.11 loaded)
Xy-pic pdf driver: `color' extension support
(/usr/share/texmf-dist/tex/generic/xypic/xypdf-co.tex loaded)
(/usr/share/texmf-dist/tex/generic/xypic/xymatrix.tex
 Xy-pic option: Matrix feature v.3.14
\Row=\count309
\Col=\count310
\queue@=\toks39
\queue@@=\toks40
\qcount@=\count311
\qcount@@=\count312
\matrixsize@=\count313
 loaded)
(/usr/share/texmf-dist/tex/generic/xypic/xyarrow.tex
 Xy-pic option: Arrow and Path feature v.3.9 path, \ar, loaded)
(/usr/share/texmf-dist/tex/generic/xypic/xygraph.tex
 Xy-pic option: Graph feature v.3.11 loaded) loaded))
(/usr/share/texmf-dist/tex/latex/base/inputenc.sty
Package: inputenc 2024/02/08 v1.3d Input encoding file
\inpenc@prehook=\toks41
\inpenc@posthook=\toks42
)
(/usr/share/texmf-dist/tex/latex/todonotes/todonotes.sty
Package: todonotes 2024/01/05 v1.1.7 Todonotes source and documentation.
Package: todonotes 2024/01/05

(/usr/share/texmf-dist/tex/latex/base/ifthen.sty
Package: ifthen 2024/03/16 v1.1e Standard LaTeX ifthen package (DPC)
)
(/usr/share/texmf-dist/tex/latex/xkeyval/xkeyval.sty
Package: xkeyval 2022/06/16 v2.9 package option processing (HA)

(/usr/share/texmf-dist/tex/generic/xkeyval/xkeyval.tex
(/usr/share/texmf-dist/tex/generic/xkeyval/xkvutils.tex
\XKV@toks=\toks43
\XKV@tempa@toks=\toks44
)
\XKV@depth=\count314
File: xkeyval.tex 2014/12/03 v2.7a key=value parser (HA)
))
(/usr/share/texmf-dist/tex/latex/xcolor/xcolor.sty
Package: xcolor 2024/09/29 v3.02 LaTeX color extensions (UK)

(/usr/share/texmf-dist/tex/latex/graphics-cfg/color.cfg
File: color.cfg 2016/01/02 v1.6 sample color configuration
)
Package xcolor Info: Driver file: pdftex.def on input line 274.

(/usr/share/texmf-dist/tex/latex/graphics/mathcolor.ltx)
Package xcolor Info: Model `cmy' substituted by `cmy0' on input line 1349.
Package xcolor Info: Model `hsb' substituted by `rgb' on input line 1353.
Package xcolor Info: Model `RGB' extended on input line 1365.
Package xcolor Info: Model `HTML' substituted by `rgb' on input line 1367.
Package xcolor Info: Model `Hsb' substituted by `hsb' on input line 1368.
Package xcolor Info: Model `tHsb' substituted by `hsb' on input line 1369.
Package xcolor Info: Model `HSB' substituted by `hsb' on input line 1370.
Package xcolor Info: Model `Gray' substituted by `gray' on input line 1371.
Package xcolor Info: Model `wave' substituted by `hsb' on input line 1372.
)
(/usr/share/texmf-dist/tex/latex/pgf/frontendlayer/tikz.sty
(/usr/share/texmf-dist/tex/latex/pgf/basiclayer/pgf.sty
(/usr/share/texmf-dist/tex/latex/pgf/utilities/pgfrcs.sty
(/usr/share/texmf-dist/tex/generic/pgf/utilities/pgfutil-common.tex
\pgfutil@everybye=\toks45
\pgfutil@tempdima=\dimen196
\pgfutil@tempdimb=\dimen197
)
(/usr/share/texmf-dist/tex/generic/pgf/utilities/pgfutil-latex.def
\pgfutil@abb=\box65
)
(/usr/share/texmf-dist/tex/generic/pgf/utilities/pgfrcs.code.tex
(/usr/share/texmf-dist/tex/generic/pgf/pgf.revision.tex)
Package: pgfrcs 2023-01-15 v3.1.10 (3.1.10)
))
Package: pgf 2023-01-15 v3.1.10 (3.1.10)

(/usr/share/texmf-dist/tex/latex/pgf/basiclayer/pgfcore.sty
(/usr/share/texmf-dist/tex/latex/pgf/systemlayer/pgfsys.sty
(/usr/share/texmf-dist/tex/generic/pgf/systemlayer/pgfsys.code.tex
Package: pgfsys 2023-01-15 v3.1.10 (3.1.10)

(/usr/share/texmf-dist/tex/generic/pgf/utilities/pgfkeys.code.tex
\pgfkeys@pathtoks=\toks46
\pgfkeys@temptoks=\toks47

(/usr/share/texmf-dist/tex/generic/pgf/utilities/pgfkeyslibraryfiltered.code.te
x
\pgfkeys@tmptoks=\toks48
))
\pgf@x=\dimen198
\pgf@y=\dimen199
\pgf@xa=\dimen256
\pgf@ya=\dimen257
\pgf@xb=\dimen258
\pgf@yb=\dimen259
\pgf@xc=\dimen260
\pgf@yc=\dimen261
\pgf@xd=\dimen262
\pgf@yd=\dimen263
\w@pgf@writea=\write5
\r@pgf@reada=\read3
\c@pgf@counta=\count315
\c@pgf@countb=\count316
\c@pgf@countc=\count317
\c@pgf@countd=\count318
\t@pgf@toka=\toks49
\t@pgf@tokb=\toks50
\t@pgf@tokc=\toks51
\pgf@sys@id@count=\count319
 (/usr/share/texmf-dist/tex/generic/pgf/systemlayer/pgf.cfg
File: pgf.cfg 2023-01-15 v3.1.10 (3.1.10)
)
Driver file for pgf: pgfsys-pdftex.def

(/usr/share/texmf-dist/tex/generic/pgf/systemlayer/pgfsys-pdftex.def
File: pgfsys-pdftex.def 2023-01-15 v3.1.10 (3.1.10)

(/usr/share/texmf-dist/tex/generic/pgf/systemlayer/pgfsys-common-pdf.def
File: pgfsys-common-pdf.def 2023-01-15 v3.1.10 (3.1.10)
)))
(/usr/share/texmf-dist/tex/generic/pgf/systemlayer/pgfsyssoftpath.code.tex
File: pgfsyssoftpath.code.tex 2023-01-15 v3.1.10 (3.1.10)
\pgfsyssoftpath@smallbuffer@items=\count320
\pgfsyssoftpath@bigbuffer@items=\count321
)
(/usr/share/texmf-dist/tex/generic/pgf/systemlayer/pgfsysprotocol.code.tex
File: pgfsysprotocol.code.tex 2023-01-15 v3.1.10 (3.1.10)
))

LaTeX Warning: Package "xcolor" has already been loaded: ignoring load-time
(LaTeX)        option "pdftex".

(/usr/share/texmf-dist/tex/generic/pgf/basiclayer/pgfcore.code.tex
Package: pgfcore 2023-01-15 v3.1.10 (3.1.10)

(/usr/share/texmf-dist/tex/generic/pgf/math/pgfmath.code.tex
(/usr/share/texmf-dist/tex/generic/pgf/math/pgfmathutil.code.tex)
(/usr/share/texmf-dist/tex/generic/pgf/math/pgfmathparser.code.tex
\pgfmath@dimen=\dimen264
\pgfmath@count=\count322
\pgfmath@box=\box66
\pgfmath@toks=\toks52
\pgfmath@stack@operand=\toks53
\pgfmath@stack@operation=\toks54
)
(/usr/share/texmf-dist/tex/generic/pgf/math/pgfmathfunctions.code.tex)
(/usr/share/texmf-dist/tex/generic/pgf/math/pgfmathfunctions.basic.code.tex)
(/usr/share/texmf-dist/tex/generic/pgf/math/pgfmathfunctions.trigonometric.code
.tex)
(/usr/share/texmf-dist/tex/generic/pgf/math/pgfmathfunctions.random.code.tex)
(/usr/share/texmf-dist/tex/generic/pgf/math/pgfmathfunctions.comparison.code.te
x) (/usr/share/texmf-dist/tex/generic/pgf/math/pgfmathfunctions.base.code.tex)
(/usr/share/texmf-dist/tex/generic/pgf/math/pgfmathfunctions.round.code.tex)
(/usr/share/texmf-dist/tex/generic/pgf/math/pgfmathfunctions.misc.code.tex)
(/usr/share/texmf-dist/tex/generic/pgf/math/pgfmathfunctions.integerarithmetics
.code.tex) (/usr/share/texmf-dist/tex/generic/pgf/math/pgfmathcalc.code.tex)
(/usr/share/texmf-dist/tex/generic/pgf/math/pgfmathfloat.code.tex
\c@pgfmathroundto@lastzeros=\count323
))
(/usr/share/texmf-dist/tex/generic/pgf/math/pgfint.code.tex)
(/usr/share/texmf-dist/tex/generic/pgf/basiclayer/pgfcorepoints.code.tex
File: pgfcorepoints.code.tex 2023-01-15 v3.1.10 (3.1.10)
\pgf@picminx=\dimen265
\pgf@picmaxx=\dimen266
\pgf@picminy=\dimen267
\pgf@picmaxy=\dimen268
\pgf@pathminx=\dimen269
\pgf@pathmaxx=\dimen270
\pgf@pathminy=\dimen271
\pgf@pathmaxy=\dimen272
\pgf@xx=\dimen273
\pgf@xy=\dimen274
\pgf@yx=\dimen275
\pgf@yy=\dimen276
\pgf@zx=\dimen277
\pgf@zy=\dimen278
)
(/usr/share/texmf-dist/tex/generic/pgf/basiclayer/pgfcorepathconstruct.code.tex
File: pgfcorepathconstruct.code.tex 2023-01-15 v3.1.10 (3.1.10)
\pgf@path@lastx=\dimen279
\pgf@path@lasty=\dimen280
) (/usr/share/texmf-dist/tex/generic/pgf/basiclayer/pgfcorepathusage.code.tex
File: pgfcorepathusage.code.tex 2023-01-15 v3.1.10 (3.1.10)
\pgf@shorten@end@additional=\dimen281
\pgf@shorten@start@additional=\dimen282
)
(/usr/share/texmf-dist/tex/generic/pgf/basiclayer/pgfcorescopes.code.tex
File: pgfcorescopes.code.tex 2023-01-15 v3.1.10 (3.1.10)
\pgfpic=\box67
\pgf@hbox=\box68
\pgf@layerbox@main=\box69
\pgf@picture@serial@count=\count324
)
(/usr/share/texmf-dist/tex/generic/pgf/basiclayer/pgfcoregraphicstate.code.tex
File: pgfcoregraphicstate.code.tex 2023-01-15 v3.1.10 (3.1.10)
\pgflinewidth=\dimen283
)
(/usr/share/texmf-dist/tex/generic/pgf/basiclayer/pgfcoretransformations.code.t
ex
File: pgfcoretransformations.code.tex 2023-01-15 v3.1.10 (3.1.10)
\pgf@pt@x=\dimen284
\pgf@pt@y=\dimen285
\pgf@pt@temp=\dimen286
) (/usr/share/texmf-dist/tex/generic/pgf/basiclayer/pgfcorequick.code.tex
File: pgfcorequick.code.tex 2023-01-15 v3.1.10 (3.1.10)
)
(/usr/share/texmf-dist/tex/generic/pgf/basiclayer/pgfcoreobjects.code.tex
File: pgfcoreobjects.code.tex 2023-01-15 v3.1.10 (3.1.10)
)
(/usr/share/texmf-dist/tex/generic/pgf/basiclayer/pgfcorepathprocessing.code.te
x
File: pgfcorepathprocessing.code.tex 2023-01-15 v3.1.10 (3.1.10)
) (/usr/share/texmf-dist/tex/generic/pgf/basiclayer/pgfcorearrows.code.tex
File: pgfcorearrows.code.tex 2023-01-15 v3.1.10 (3.1.10)
\pgfarrowsep=\dimen287
)
(/usr/share/texmf-dist/tex/generic/pgf/basiclayer/pgfcoreshade.code.tex
File: pgfcoreshade.code.tex 2023-01-15 v3.1.10 (3.1.10)
\pgf@max=\dimen288
\pgf@sys@shading@range@num=\count325
\pgf@shadingcount=\count326
)
(/usr/share/texmf-dist/tex/generic/pgf/basiclayer/pgfcoreimage.code.tex
File: pgfcoreimage.code.tex 2023-01-15 v3.1.10 (3.1.10)
)
(/usr/share/texmf-dist/tex/generic/pgf/basiclayer/pgfcoreexternal.code.tex
File: pgfcoreexternal.code.tex 2023-01-15 v3.1.10 (3.1.10)
\pgfexternal@startupbox=\box70
)
(/usr/share/texmf-dist/tex/generic/pgf/basiclayer/pgfcorelayers.code.tex
File: pgfcorelayers.code.tex 2023-01-15 v3.1.10 (3.1.10)
)
(/usr/share/texmf-dist/tex/generic/pgf/basiclayer/pgfcoretransparency.code.tex
File: pgfcoretransparency.code.tex 2023-01-15 v3.1.10 (3.1.10)
) (/usr/share/texmf-dist/tex/generic/pgf/basiclayer/pgfcorepatterns.code.tex
File: pgfcorepatterns.code.tex 2023-01-15 v3.1.10 (3.1.10)
)
(/usr/share/texmf-dist/tex/generic/pgf/basiclayer/pgfcorerdf.code.tex
File: pgfcorerdf.code.tex 2023-01-15 v3.1.10 (3.1.10)
)))
(/usr/share/texmf-dist/tex/generic/pgf/modules/pgfmoduleshapes.code.tex
File: pgfmoduleshapes.code.tex 2023-01-15 v3.1.10 (3.1.10)
\pgfnodeparttextbox=\box71
)
(/usr/share/texmf-dist/tex/generic/pgf/modules/pgfmoduleplot.code.tex
File: pgfmoduleplot.code.tex 2023-01-15 v3.1.10 (3.1.10)
)
(/usr/share/texmf-dist/tex/latex/pgf/compatibility/pgfcomp-version-0-65.sty
Package: pgfcomp-version-0-65 2023-01-15 v3.1.10 (3.1.10)
\pgf@nodesepstart=\dimen289
\pgf@nodesepend=\dimen290
)
(/usr/share/texmf-dist/tex/latex/pgf/compatibility/pgfcomp-version-1-18.sty
Package: pgfcomp-version-1-18 2023-01-15 v3.1.10 (3.1.10)
))
(/usr/share/texmf-dist/tex/latex/pgf/utilities/pgffor.sty
(/usr/share/texmf-dist/tex/latex/pgf/utilities/pgfkeys.sty
(/usr/share/texmf-dist/tex/generic/pgf/utilities/pgfkeys.code.tex))
(/usr/share/texmf-dist/tex/latex/pgf/math/pgfmath.sty
(/usr/share/texmf-dist/tex/generic/pgf/math/pgfmath.code.tex))
(/usr/share/texmf-dist/tex/generic/pgf/utilities/pgffor.code.tex
Package: pgffor 2023-01-15 v3.1.10 (3.1.10)
\pgffor@iter=\dimen291
\pgffor@skip=\dimen292
\pgffor@stack=\toks55
\pgffor@toks=\toks56
))
(/usr/share/texmf-dist/tex/generic/pgf/frontendlayer/tikz/tikz.code.tex
Package: tikz 2023-01-15 v3.1.10 (3.1.10)

(/usr/share/texmf-dist/tex/generic/pgf/libraries/pgflibraryplothandlers.code.te
x
File: pgflibraryplothandlers.code.tex 2023-01-15 v3.1.10 (3.1.10)
\pgf@plot@mark@count=\count327
\pgfplotmarksize=\dimen293
)
\tikz@lastx=\dimen294
\tikz@lasty=\dimen295
\tikz@lastxsaved=\dimen296
\tikz@lastysaved=\dimen297
\tikz@lastmovetox=\dimen298
\tikz@lastmovetoy=\dimen299
\tikzleveldistance=\dimen300
\tikzsiblingdistance=\dimen301
\tikz@figbox=\box72
\tikz@figbox@bg=\box73
\tikz@tempbox=\box74
\tikz@tempbox@bg=\box75
\tikztreelevel=\count328
\tikznumberofchildren=\count329
\tikznumberofcurrentchild=\count330
\tikz@fig@count=\count331
 (/usr/share/texmf-dist/tex/generic/pgf/modules/pgfmodulematrix.code.tex
File: pgfmodulematrix.code.tex 2023-01-15 v3.1.10 (3.1.10)
\pgfmatrixcurrentrow=\count332
\pgfmatrixcurrentcolumn=\count333
\pgf@matrix@numberofcolumns=\count334
)
\tikz@expandcount=\count335

(/usr/share/texmf-dist/tex/generic/pgf/frontendlayer/tikz/libraries/tikzlibrary
topaths.code.tex
File: tikzlibrarytopaths.code.tex 2023-01-15 v3.1.10 (3.1.10)
)))
(/usr/share/texmf-dist/tex/generic/pgf/frontendlayer/tikz/libraries/tikzlibrary
positioning.code.tex
File: tikzlibrarypositioning.code.tex 2023-01-15 v3.1.10 (3.1.10)
) (/usr/share/texmf-dist/tex/latex/tools/calc.sty
Package: calc 2023/07/08 v4.3 Infix arithmetic (KKT,FJ)
\calc@Acount=\count336
\calc@Bcount=\count337
\calc@Adimen=\dimen302
\calc@Bdimen=\dimen303
\calc@Askip=\skip62
\calc@Bskip=\skip63
LaTeX Info: Redefining \setlength on input line 80.
LaTeX Info: Redefining \addtolength on input line 81.
\calc@Ccount=\count338
\calc@Cskip=\skip64
)
\c@@todonotes@numberoftodonotes=\count339
)
(/usr/share/texmf-dist/tex/latex/mathtools/mathtools.sty
Package: mathtools 2024/10/04 v1.31 mathematical typesetting tools

(/usr/share/texmf-dist/tex/latex/mathtools/mhsetup.sty
Package: mhsetup 2021/03/18 v1.4 programming setup (MH)
)
\g_MT_multlinerow_int=\count340
\l_MT_multwidth_dim=\dimen304
\origjot=\skip65
\l_MT_shortvdotswithinadjustabove_dim=\dimen305
\l_MT_shortvdotswithinadjustbelow_dim=\dimen306
\l_MT_above_intertext_sep=\dimen307
\l_MT_below_intertext_sep=\dimen308
\l_MT_above_shortintertext_sep=\dimen309
\l_MT_below_shortintertext_sep=\dimen310
\xmathstrut@box=\box76
\xmathstrut@dim=\dimen311
)
(/usr/share/texmf-dist/tex/latex/csquotes/csquotes.sty
Package: csquotes 2024-04-04 v5.2o context-sensitive quotations (JAW)
\csq@reset=\count341
\csq@gtype=\count342
\csq@glevel=\count343
\csq@qlevel=\count344
\csq@maxlvl=\count345
\csq@tshold=\count346
\csq@ltx@everypar=\toks57

(/usr/share/texmf-dist/tex/latex/csquotes/csquotes.def
File: csquotes.def 2024-04-04 v5.2o csquotes generic definitions (JAW)
)
Package csquotes Info: Trying to load configuration file 'csquotes.cfg'...
Package csquotes Info: ... configuration file loaded successfully.

(/usr/share/texmf-dist/tex/latex/csquotes/csquotes.cfg
File: csquotes.cfg 
)) (./tikzit.sty
Package: tikzit 2021/06/02 TikZiT Helper Package

(/usr/share/texmf-dist/tex/latex/graphbox/graphbox.sty
Package: graphbox 2018/01/17 v1.1 extension for graphicx to adjust containing b
ox
\Gin@box@box=\box77
\Gin@box@width=\skip66
\Gin@box@height=\skip67
\Gin@box@raise=\skip68
\Gin@box@hspace=\skip69
\Gin@box@bwidth=\skip70
\Gin@box@bheight=\skip71
)
(/usr/share/texmf-dist/tex/generic/pgf/frontendlayer/tikz/libraries/tikzlibrary
backgrounds.code.tex
File: tikzlibrarybackgrounds.code.tex 2023-01-15 v3.1.10 (3.1.10)
\pgf@layerbox@background=\box78
\pgf@layerboxsaved@background=\box79
)
(/usr/share/texmf-dist/tex/generic/pgf/frontendlayer/tikz/libraries/tikzlibrary
arrows.code.tex
File: tikzlibraryarrows.code.tex 2023-01-15 v3.1.10 (3.1.10)

(/usr/share/texmf-dist/tex/generic/pgf/libraries/pgflibraryarrows.code.tex
File: pgflibraryarrows.code.tex 2023-01-15 v3.1.10 (3.1.10)
\arrowsize=\dimen312
))
(/usr/share/texmf-dist/tex/generic/pgf/frontendlayer/tikz/libraries/tikzlibrary
shapes.code.tex
File: tikzlibraryshapes.code.tex 2023-01-15 v3.1.10 (3.1.10)

(/usr/share/texmf-dist/tex/generic/pgf/frontendlayer/tikz/libraries/tikzlibrary
shapes.geometric.code.tex
File: tikzlibraryshapes.geometric.code.tex 2023-01-15 v3.1.10 (3.1.10)

(/usr/share/texmf-dist/tex/generic/pgf/libraries/shapes/pgflibraryshapes.geomet
ric.code.tex
File: pgflibraryshapes.geometric.code.tex 2023-01-15 v3.1.10 (3.1.10)
))
(/usr/share/texmf-dist/tex/generic/pgf/frontendlayer/tikz/libraries/tikzlibrary
shapes.misc.code.tex
File: tikzlibraryshapes.misc.code.tex 2023-01-15 v3.1.10 (3.1.10)

(/usr/share/texmf-dist/tex/generic/pgf/libraries/shapes/pgflibraryshapes.misc.c
ode.tex
File: pgflibraryshapes.misc.code.tex 2023-01-15 v3.1.10 (3.1.10)
))
(/usr/share/texmf-dist/tex/generic/pgf/frontendlayer/tikz/libraries/tikzlibrary
shapes.symbols.code.tex
File: tikzlibraryshapes.symbols.code.tex 2023-01-15 v3.1.10 (3.1.10)

(/usr/share/texmf-dist/tex/generic/pgf/libraries/shapes/pgflibraryshapes.symbol
s.code.tex
File: pgflibraryshapes.symbols.code.tex 2023-01-15 v3.1.10 (3.1.10)
))
(/usr/share/texmf-dist/tex/generic/pgf/frontendlayer/tikz/libraries/tikzlibrary
shapes.arrows.code.tex
File: tikzlibraryshapes.arrows.code.tex 2023-01-15 v3.1.10 (3.1.10)

(/usr/share/texmf-dist/tex/generic/pgf/libraries/shapes/pgflibraryshapes.arrows
.code.tex
File: pgflibraryshapes.arrows.code.tex 2023-01-15 v3.1.10 (3.1.10)
))
(/usr/share/texmf-dist/tex/generic/pgf/frontendlayer/tikz/libraries/tikzlibrary
shapes.callouts.code.tex
(/usr/share/texmf-dist/tex/generic/pgf/libraries/shapes/pgflibraryshapes.callou
ts.code.tex))
(/usr/share/texmf-dist/tex/generic/pgf/frontendlayer/tikz/libraries/tikzlibrary
shapes.multipart.code.tex
File: tikzlibraryshapes.multipart.code.tex 2023-01-15 v3.1.10 (3.1.10)

(/usr/share/texmf-dist/tex/generic/pgf/libraries/shapes/pgflibraryshapes.multip
art.code.tex
File: pgflibraryshapes.multipart.code.tex 2023-01-15 v3.1.10 (3.1.10)
\pgfnodepartlowerbox=\box80
\pgfnodeparttwobox=\box81
\pgfnodepartthreebox=\box82
\pgfnodepartfourbox=\box83
\pgfnodeparttwentybox=\box84
\pgfnodepartnineteenbox=\box85
\pgfnodeparteighteenbox=\box86
\pgfnodepartseventeenbox=\box87
\pgfnodepartsixteenbox=\box88
\pgfnodepartfifteenbox=\box89
\pgfnodepartfourteenbox=\box90
\pgfnodepartthirteenbox=\box91
\pgfnodeparttwelvebox=\box92
\pgfnodepartelevenbox=\box93
\pgfnodeparttenbox=\box94
\pgfnodepartninebox=\box95
\pgfnodeparteightbox=\box96
\pgfnodepartsevenbox=\box97
\pgfnodepartsixbox=\box98
\pgfnodepartfivebox=\box99
)))
(/usr/share/texmf-dist/tex/generic/pgf/frontendlayer/tikz/libraries/tikzlibrary
decorations.pathmorphing.code.tex
(/usr/share/texmf-dist/tex/generic/pgf/frontendlayer/tikz/libraries/tikzlibrary
decorations.code.tex
(/usr/share/texmf-dist/tex/generic/pgf/modules/pgfmoduledecorations.code.tex
\pgfdecoratedcompleteddistance=\dimen313
\pgfdecoratedremainingdistance=\dimen314
\pgfdecoratedinputsegmentcompleteddistance=\dimen315
\pgfdecoratedinputsegmentremainingdistance=\dimen316
\pgf@decorate@distancetomove=\dimen317
\pgf@decorate@repeatstate=\count347
\pgfdecorationsegmentamplitude=\dimen318
\pgfdecorationsegmentlength=\dimen319
)
\tikz@lib@dec@box=\box100
)
(/usr/share/texmf-dist/tex/generic/pgf/libraries/decorations/pgflibrarydecorati
ons.pathmorphing.code.tex))
(/usr/share/texmf-dist/tex/generic/pgf/frontendlayer/tikz/libraries/tikzlibrary
decorations.pathreplacing.code.tex
(/usr/share/texmf-dist/tex/generic/pgf/libraries/decorations/pgflibrarydecorati
ons.pathreplacing.code.tex))
(/usr/share/texmf-dist/tex/generic/pgf/frontendlayer/tikz/libraries/tikzlibrary
decorations.markings.code.tex
(/usr/share/texmf-dist/tex/generic/pgf/libraries/decorations/pgflibrarydecorati
ons.markings.code.tex))
\pgf@layerbox@edgelayer=\box101
\pgf@layerboxsaved@edgelayer=\box102
\pgf@layerbox@nodelayer=\box103
\pgf@layerboxsaved@nodelayer=\box104
\pgf@layerbox@eqlayer=\box105
\pgf@layerboxsaved@eqlayer=\box106
) (./hypergraph.tikzdefs
(/usr/share/texmf-dist/tex/generic/pgf/libraries/pgflibraryarrows.meta.code.tex
File: pgflibraryarrows.meta.code.tex 2023-01-15 v3.1.10 (3.1.10)
\pgfarrowinset=\dimen320
\pgfarrowlength=\dimen321
\pgfarrowwidth=\dimen322
\pgfarrowlinewidth=\dimen323
) (/usr/share/texmf-dist/tex/latex/tools/xspace.sty
Package: xspace 2014/10/28 v1.13 Space after command names (DPC,MH)
)) (./hypergraph.tikzstyles) (/usr/share/texmf-dist/tex/latex/stackengine/stack
engine.sty
Package: stackengine 2021/07/22 v4.11\ Stacking text and objects in convenient 
ways

(/usr/share/texmf-dist/tex/generic/listofitems/listofitems.sty
(/usr/share/texmf-dist/tex/generic/listofitems/listofitems.tex
\loi_cnt_foreach_nest=\count348
\loi_nestcnt=\count349
)
Package: listofitems 2024/03/09 v1.65 Grab items in lists using user-specified 
sep char (CT)
)
\c@@stackindex=\count350
\@boxshift=\skip72
\stack@tmplength=\skip73
\temp@stkl=\skip74
\@stackedboxwidth=\skip75
\@addedbox=\box107
\@anchorbox=\box108
\@insetbox=\box109
\se@backgroundbox=\box110
\stackedbox=\box111
\@centerbox=\box112
\c@ROWcellindex@=\count351
)
(/usr/share/texmf-dist/tex/latex/relsize/relsize.sty
Package: relsize 2013/03/29 ver 4.1
)
\emailauthor{r.biondo@studenti.unipi.it}{Roberto Biondo}
\emailauthor{castelnovod@gmail.com}{Davide Castelnovo}
\urlauthor{https://orcid.org/0000-0002-5926-5615}{Davide Castelnovo}
\emailauthor{fabio.gadducci@unipi.it}{Fabio Gadducci}
\urlauthor{https://orcid.org/0000-0003-0690-3051}{Fabio Gadducci}
Package csquotes Info: Checking for multilingual support...
Package csquotes Info: ... none found.

LaTeX Warning: Unused global option(s):
    [cleveref,amsthm,thm-restate,numberwithinsect].

(./finalArxiv.aux)
\openout1 = `finalArxiv.aux'.

LaTeX Font Info:    Checking defaults for OML/cmm/m/it on input line 245.
LaTeX Font Info:    ... okay on input line 245.
LaTeX Font Info:    Checking defaults for OMS/cmsy/m/n on input line 245.
LaTeX Font Info:    ... okay on input line 245.
LaTeX Font Info:    Checking defaults for OT1/cmr/m/n on input line 245.
LaTeX Font Info:    ... okay on input line 245.
LaTeX Font Info:    Checking defaults for T1/cmr/m/n on input line 245.
LaTeX Font Info:    ... okay on input line 245.
LaTeX Font Info:    Checking defaults for TS1/cmr/m/n on input line 245.
LaTeX Font Info:    ... okay on input line 245.
LaTeX Font Info:    Checking defaults for OMX/cmex/m/n on input line 245.
LaTeX Font Info:    ... okay on input line 245.
LaTeX Font Info:    Checking defaults for U/cmr/m/n on input line 245.
LaTeX Font Info:    ... okay on input line 245.
LaTeX Font Info:    Checking defaults for PD1/pdf/m/n on input line 245.
LaTeX Font Info:    ... okay on input line 245.
LaTeX Font Info:    Checking defaults for PU/pdf/m/n on input line 245.
LaTeX Font Info:    ... okay on input line 245.
 (/usr/share/texmf-dist/tex/context/base/mkii/supp-pdf.mkii
[Loading MPS to PDF converter (version 2006.09.02).]
\scratchcounter=\count352
\scratchdimen=\dimen324
\scratchbox=\box113
\nofMPsegments=\count353
\nofMParguments=\count354
\everyMPshowfont=\toks58
\MPscratchCnt=\count355
\MPscratchDim=\dimen325
\MPnumerator=\count356
\makeMPintoPDFobject=\count357
\everyMPtoPDFconversion=\toks59
) (/usr/share/texmf-dist/tex/latex/epstopdf-pkg/epstopdf-base.sty
Package: epstopdf-base 2020-01-24 v2.11 Base part for package epstopdf
Package epstopdf-base Info: Redefining graphics rule for `.eps' on input line 4
85.

(/usr/share/texmf-dist/tex/latex/latexconfig/epstopdf-sys.cfg
File: epstopdf-sys.cfg 2010/07/13 v1.3 Configuration of (r)epstopdf for TeX Liv
e
))
Package hyperref Info: Link coloring OFF on input line 245.

(./finalArxiv.out) (./finalArxiv.out)
\@outlinefile=\write6
\openout6 = `finalArxiv.out'.

LaTeX Font Info:    Trying to load font information for U+stmry on input line 2
45.

(/usr/share/texmf-dist/tex/latex/stmaryrd/Ustmry.fd)
LaTeX Font Info:    Trying to load font information for U+msa on input line 245
.

(/usr/share/texmf-dist/tex/latex/amsfonts/umsa.fd
File: umsa.fd 2013/01/14 v3.01 AMS symbols A
)
LaTeX Font Info:    Trying to load font information for U+msb on input line 245
.

(/usr/share/texmf-dist/tex/latex/amsfonts/umsb.fd
File: umsb.fd 2013/01/14 v3.01 AMS symbols B
)
LaTeX Font Info:    Trying to load font information for U+rsfs on input line 24
5.

(/usr/share/texmf-dist/tex/latex/jknapltx/ursfs.fd
File: ursfs.fd 1998/03/24 rsfs font definition file (jk)
)
Package xypdf Info: Line width: 0.39998pt on input line 245.
 <xymatrix 3x2 285>
Overfull \hbox (2.91295pt too wide) in paragraph at lines 291--314
$[]$ $[]$
 []



[1


{/var/lib/texmf/fonts/map/pdftex/updmap/pdftex.map}{/usr/share/texmf-dist/fonts
/enc/dvips/cm-super/cm-super-t1.enc}]

LaTeX Font Warning: Font shape `U/stmry/b/n' undefined
(Font)              using `U/stmry/m/n' instead on input line 403.


Package hyperref Warning: Token not allowed in a PDF string (Unicode):
(hyperref)                removing `math shift' on input line 403.


Package hyperref Warning: Token not allowed in a PDF string (Unicode):
(hyperref)                removing `math shift' on input line 403.


Package hyperref Warning: Token not allowed in a PDF string (Unicode):
(hyperref)                removing `math shift' on input line 414.


Package hyperref Warning: Token not allowed in a PDF string (Unicode):
(hyperref)                removing `math shift' on input line 414.

<xymatrix 2x2 182>
Overfull \hbox (45.22946pt too wide) in paragraph at lines 426--429
[]$[]$ $[]$ 
 []



[2] <xymatrix 4x4 568>
Overfull \hbox (42.06152pt too wide) in paragraph at lines 439--443
[]$[]$  $[]$ 
 []


Overfull \hbox (27.5343pt too wide) detected at line 485
\OMS/cmsy/m/n/10 M\OML/cmm/m/it/10 =X \OT1/cmr/m/n/10 := \OMS/cmsy/m/n/10 f\OML
/cmm/m/it/10 m \OMS/cmsy/m/n/10 2 []\OT1/cmr/m/n/10 ([]\OML/cmm/m/it/10 =X\OT1/
cmr/m/n/10 ) \OMS/cmsy/m/n/10 j \OML/cmm/m/it/10 m \OMS/cmsy/m/n/10 2 Mg \OML/c
mm/m/it/10 X=\OMS/cmsy/m/n/10 M \OT1/cmr/m/n/10 := \OMS/cmsy/m/n/10 f\OML/cmm/m
/it/10 m \OMS/cmsy/m/n/10 2 []\OT1/cmr/m/n/10 (\OML/cmm/m/it/10 X=[]\OT1/cmr/m/
n/10 ) \OMS/cmsy/m/n/10 j \OML/cmm/m/it/10 m \OMS/cmsy/m/n/10 2 Mg
 []



[3{/usr/share/texmf-dist/fonts/enc/dvips/cm-super/cm-super-ts1.enc}]
Overfull \hbox (19.5437pt too wide) in paragraph at lines 486--490
\T1/cmr/m/it/10 (strictly) $\OMS/cmsy/m/n/10 M[]$\T1/cmr/m/it/10 -adhesive, whe
re $\OMS/cmsy/m/n/10 M[] \OT1/cmr/m/n/10 := \OMS/cmsy/m/n/10 f\OML/cmm/m/it/10 
^^Q \OMS/cmsy/m/n/10 2 []\OT1/cmr/m/n/10 ([][]) \OMS/cmsy/m/n/10 j \OML/cmm/m/i
t/10 ^^Q[] \OMS/cmsy/m/n/10 2 M[]\OML/cmm/m/it/10 Y \OMS/cmsy/m/n/10 2
 []

<xymatrix 2x2 182>
Overfull \hbox (34.73311pt too wide) in paragraph at lines 542--548
$[]$ $[]$ 
 []



[4] <xymatrix 8x2 722>
Overfull \hbox (20.28952pt too wide) detected at line 601
[]
 []

<xymatrix 7x4 758>
Overfull \hbox (49.63255pt too wide) in paragraph at lines 607--613
$[]$ $[]$ 
 []

<xymatrix 7x4 758>
Overfull \hbox (49.63255pt too wide) in paragraph at lines 620--630
$[]$ $[]$ 
 []



[5] <xymatrix 2x2 182> <xymatrix 2x2 182>
Overfull \hbox (47.6481pt too wide) in paragraph at lines 658--665
$[]$ $[]$ 
 []



[6]
Overfull \hbox (9.53441pt too wide) in paragraph at lines 1025--1026
[][] 
 []

<xymatrix 2x2 182> <xymatrix 2x2 182>
Overfull \hbox (49.86978pt too wide) in paragraph at lines 1037--1043
$[]$  $[]$ 
 []



[7]

[8] <xymatrix 6x2 542>

[9]
Overfull \hbox (10.38116pt too wide) in paragraph at lines 1349--1350
[]\T1/cmr/m/n/10 Notice that there is an-other func-tor $\OML/cmm/m/it/10 K \OT
1/cmr/m/n/10 : [] \OMS/cmsy/m/n/10 ! []$ \T1/cmr/m/n/10 send-ing $\OT1/cmr/m/n/
10 (\OML/cmm/m/it/10 E; V; Q; s; t; q\OT1/cmr/m/n/10 )$
 []


Underfull \hbox (badness 5388) in paragraph at lines 1359--1359
[]\T1/cmr/bx/n/10 Lemma 4.8. []\T1/cmr/m/it/10 Con-sider a di-a-gram $\OML/cmm/
m/it/10 F [] [] [] \OMS/cmsy/m/n/10 ! []$ \T1/cmr/m/it/10 and let
 []


Underfull \hbox (badness 4859) in paragraph at lines 1359--1359
[]\T1/cmr/m/it/10 consider a cone $\OT1/cmr/m/n/10 (\OML/cmm/m/it/10 L; \OMS/cm
sy/m/n/10 f\OML/cmm/m/it/10 l[]\OMS/cmsy/m/n/10 g[]\OT1/cmr/m/n/10 )$ \T1/cmr/m
/it/10 lim-it-ing for $\OML/cmm/m/it/10 K \OMS/cmsy/m/n/10 ^^N \OML/cmm/m/it/10
 F$ \T1/cmr/m/it/10 and let
 []

<xymatrix 2x3 231>
Overfull \hbox (49.95294pt too wide) in paragraph at lines 1351--1361
$[]$ $[]$ 
 []



[10]
Underfull \hbox (badness 1924) in paragraph at lines 1406--1406
[]\T1/cmr/bx/n/10 Definition 4.10. []\T1/cmr/m/n/10 We de-fine $[]$ as the clas
s of reg-u-lar monos
 []

<xymatrix 2x2 182>
Overfull \hbox (47.72444pt too wide) in paragraph at lines 1401--1413
$[]$  $[]$ 
 []


Underfull \hbox (badness 1859) in paragraph at lines 1430--1433
[]\T1/cmr/m/n/10 Consider e.g. the cube
 []


Underfull \hbox (badness 5133) in paragraph at lines 1430--1433
\T1/cmr/m/n/10 top face fails to be a
 []

<xymatrix 4x4 588>
Overfull \hbox (62.5679pt too wide) in paragraph at lines 1429--1495
\T1/cmr/m/n/10 not sta-ble. $[]$ $[]$ 
 []



[11] <xymatrix 2x2 182>
Overfull \hbox (41.67351pt too wide) in paragraph at lines 1556--1568
$[]$  $[]$ 
 []



[12] <xymatrix 2x2 182>
Overfull \hbox (46.91603pt too wide) in paragraph at lines 1579--1582
$[]$  $[]$ 
 []


Overfull \hbox (1.19324pt too wide) in paragraph at lines 1584--1585
\T1/cmr/m/n/10 phisms, is closed un-der com-po-si-tion and de-com-po-si-tion an
d sta-ble un-der pushout
 []



[13] <xymatrix 2x2 182>
Overfull \hbox (46.68091pt too wide) in paragraph at lines 1633--1641
$[]$ $[]$ 
 []

<xymatrix 3x3 533>
Overfull \hbox (45.175pt too wide) in paragraph at lines 1706--1710
$[]$ $[]$ 
 []



[14]

[15] <xymatrix 2x1 44>

[16]

[17]

[18] (./finalArxiv.bbl

[19]

[20])

[21] <xymatrix 3x2 313>
Overfull \hbox (38.21338pt too wide) in paragraph at lines 2024--2063
$[]$ $[]$
 []


Underfull \hbox (badness 10000) in paragraph at lines 2024--2063

 []


Package hyperref Warning: Token not allowed in a PDF string (Unicode):
(hyperref)                removing `\new@ifnextchar' on input line 2065.

<xymatrix 4x4 569> <xymatrix 2x2 182> <xymatrix 8x2 722>
Overfull \hbox (20.28952pt too wide) detected at line 2079
[]
 []



[22] <xymatrix 6x2 624> <xymatrix 6x2 816> <xymatrix 6x2 658>

[23] <xymatrix 7x4 758>
Overfull \hbox (35.40617pt too wide) in paragraph at lines 2124--2126
$[]$ $[]$ 
 []

<xymatrix 4x4 571>
Overfull \hbox (29.98195pt too wide) in paragraph at lines 2127--2132
$[]$  $[]$ 
 []

<xymatrix 2x2 182>
Overfull \hbox (46.94107pt too wide) in paragraph at lines 2221--2227
$[]$ $[]$ 
 []



[24] <xymatrix 6x2 292>
Overfull \hbox (46.0727pt too wide) detected at line 2238
[]
 []

<xymatrix 2x2 182>
Overfull \hbox (46.29968pt too wide) in paragraph at lines 2240--2243
$[]$ $[]$ 
 []

<xymatrix 2x2 182> <xymatrix 2x2 182>
Overfull \hbox (57.29979pt too wide) in paragraph at lines 2244--2256
$[]$ $[]$ 
 []

<xymatrix 2x2 182>
Overfull \hbox (44.9329pt too wide) in paragraph at lines 2259--2264
$[]$ $[]$ 
 []

<xymatrix 3x2 320>
Overfull \hbox (42.14052pt too wide) in paragraph at lines 2265--2267
$[]$ $[]$ 
 []

<xymatrix 4x2 368> <xymatrix 4x2 368>

[25] <xymatrix 7x4 758>
Overfull \hbox (49.63255pt too wide) in paragraph at lines 2283--2286
$[]$ $[]$ 
 []

<xymatrix 2x2 182>
Overfull \hbox (44.46977pt too wide) in paragraph at lines 2291--2294
$[]$ $[]$ 
 []

<xymatrix 3x2 320>
Overfull \hbox (46.96727pt too wide) in paragraph at lines 2297--2299
$[]$ $[]$ 
 []

<xymatrix 3x2 313>
Overfull \hbox (61.65483pt too wide) in paragraph at lines 2304--2305
$[]$ $[]$ 
 []



[26] <xymatrix 4x2 368>
Overfull \hbox (0.95674pt too wide) detected at line 2318
[]
 []

<xymatrix 4x2 368>
Overfull \hbox (27.6593pt too wide) detected at line 2327
[]
 []

<xymatrix 3x3 403>
Overfull \hbox (57.82724pt too wide) in paragraph at lines 2341--2345
$[]$ $[]$ 
 []



[27] <xymatrix 4x2 368> <xymatrix 4x2 368>
Overfull \hbox (20.02809pt too wide) detected at line 2379
[]
 []

<xymatrix 3x3 413>
Overfull \hbox (43.1312pt too wide) in paragraph at lines 2376--2380
$[]$ $[]$ 
 []


Overfull \hbox (4.337pt too wide) detected at line 2388
\OT1/cmr/m/n/10 (\OML/cmm/m/it/10 ^^Y[]; ^^Y[]\OT1/cmr/m/n/10 ) \OMS/cmsy/m/n/1
0 ^^N \OML/cmm/m/it/10 k[] \OMS/cmsy/m/n/10 ^^N \OML/cmm/m/it/10 h[] \OT1/cmr/m
/n/10 = (\OML/cmm/m/it/10 m[] \OMS/cmsy/m/n/10 ^^B \OML/cmm/m/it/10 m[]\OT1/cmr
/m/n/10 ) \OMS/cmsy/m/n/10 ^^N \OT1/cmr/m/n/10 (\OML/cmm/m/it/10 ^^Y[]; ^^Y[]\O
T1/cmr/m/n/10 ) \OMS/cmsy/m/n/10 ^^N \OML/cmm/m/it/10 h[] \OT1/cmr/m/n/10 = (\O
ML/cmm/m/it/10 m[] \OMS/cmsy/m/n/10 ^^B \OML/cmm/m/it/10 m[]\OT1/cmr/m/n/10 ) \
OMS/cmsy/m/n/10 ^^N \OT1/cmr/m/n/10 (\OML/cmm/m/it/10 y[]; z[]\OT1/cmr/m/n/10 )
 = (\OML/cmm/m/it/10 ^^Y[]; ^^Y[]\OT1/cmr/m/n/10 ) \OMS/cmsy/m/n/10 ^^N \OML/cm
m/m/it/10 x[]
 []


Overfull \hbox (58.79114pt too wide) in alignment at lines 2394--2396
[] []
 []

<xymatrix 4x3 688>
Overfull \hbox (9.31847pt too wide) detected at line 2400
[]
 []


Overfull \hbox (37.50795pt too wide) in alignment at lines 2404--2406
[] []
 []



[28]
Overfull \hbox (59.65422pt too wide) detected at line 2411
[]
 []



[29]

Package hyperref Warning: Token not allowed in a PDF string (Unicode):
(hyperref)                removing `\new@ifnextchar' on input line 2435.

<xymatrix 2x2 223>
Overfull \hbox (44.1941pt too wide) in paragraph at lines 2456--2462
$[]$ $[]$ 
 []


Underfull \hbox (badness 4859) in paragraph at lines 2475--2475
[]\T1/cmr/m/it/10 consider a cone $\OT1/cmr/m/n/10 (\OML/cmm/m/it/10 L; \OMS/cm
sy/m/n/10 f\OML/cmm/m/it/10 l[]\OMS/cmsy/m/n/10 g[]\OT1/cmr/m/n/10 )$ \T1/cmr/m
/it/10 lim-it-ing for $\OML/cmm/m/it/10 K \OMS/cmsy/m/n/10 ^^N \OML/cmm/m/it/10
 F$ \T1/cmr/m/it/10 and let
 []

<xymatrix 2x3 231>
Overfull \hbox (49.95294pt too wide) in paragraph at lines 2473--2477
$[]$ $[]$ 
 []



[30] <xymatrix 2x2 182>
Overfull \hbox (61.96248pt too wide) in paragraph at lines 2482--2487
$[]$  $[]$
 []

<xymatrix 3x2 313>
Overfull \hbox (70.8764pt too wide) in paragraph at lines 2498--2502
$[]$  $[]$ 
 []


Overfull \hbox (7.96222pt too wide) detected at line 2504
\OML/cmm/m/it/10 T\OT1/cmr/m/n/10 (\OML/cmm/m/it/10 F \OMS/cmsy/m/n/10 ^^N \OT
1/cmr/m/n/10 (\OML/cmm/m/it/10 ^^Y[]; ^^Y[]; ^^Y[]\OT1/cmr/m/n/10 )) = \OML/cmm
/m/it/10 T\OT1/cmr/m/n/10 (\OML/cmm/m/it/10 F\OT1/cmr/m/n/10 (\OML/cmm/m/it/10 
\OT1/cmr/m/n/10 )) \OMS/cmsy/m/n/10 ^^N \OT1/cmr/m/n/10 (\OML/cmm/m/it/10 ^^Y[
]; ^^Y[]\OT1/cmr/m/n/10 ) = (\OML/cmm/m/it/10 ^^Y[]; ^^Y[]\OT1/cmr/m/n/10 ) = \
OML/cmm/m/it/10 T\OT1/cmr/m/n/10 (\OML/cmm/m/it/10 ^^Y[]; ^^Y[]; ^^Y[]\OT1/cmr/
m/n/10 )
 []


Overfull \hbox (32.8858pt too wide) in paragraph at lines 2509--2510
\T1/cmr/m/n/10 over $\OML/cmm/m/it/10 F$\T1/cmr/m/n/10 . To see that it is ter-
mi-nal, let $\OT1/cmr/m/n/10 ((\OML/cmm/m/it/10 E[]; V[]; Q[]; s[]; t[]; q[]\OT
1/cmr/m/n/10 )\OML/cmm/m/it/10 ; \OMS/cmsy/m/n/10 f\OT1/cmr/m/n/10 (\OML/cmm/m/
it/10 h[]; h[]; h[]\OT1/cmr/m/n/10 )\OMS/cmsy/m/n/10 g[]\OT1/cmr/m/n/10 )$
 []


Overfull \hbox (6.89334pt too wide) in paragraph at lines 2509--2510
\T1/cmr/m/n/10 be an-other cone. In par-tic-u-lar there is an ar-row $\OT1/cmr/
m/n/10 (\OML/cmm/m/it/10 h[]; h[]\OT1/cmr/m/n/10 ) [] [] (\OML/cmm/m/it/10 E[];
 V[]; s[]; t[]\OT1/cmr/m/n/10 ) \OMS/cmsy/m/n/10 !
 []



[31] <xymatrix 3x2 272>
Overfull \hbox (56.89104pt too wide) in paragraph at lines 2515--2518
$[]$ $[]$ 
 []

<xymatrix 2x3 231>
Overfull \hbox (45.7389pt too wide) in paragraph at lines 2529--2539
$[]$  $[]$ 
 []

<xymatrix 6x2 542>

[32] <xymatrix 9x2 1038>
Overfull \hbox (18.29419pt too wide) detected at line 2617
[]
 []


Overfull \hbox (6.28717pt too wide) in paragraph at lines 2631--2633
[]\T1/cmr/m/n/10 Let $\OMS/cmsy/m/n/10 G[] \OT1/cmr/m/n/10 = (\OML/cmm/m/it/10 
A[]; B[]; Q[]; s[]; t[]; q[]\OT1/cmr/m/n/10 )$\T1/cmr/m/n/10 , $\OMS/cmsy/m/n/1
0 G[] \OT1/cmr/m/n/10 = (\OML/cmm/m/it/10 A[]; B[]; Q[]; s[]; t[]; q[]\OT1/cmr/
m/n/10 )$\T1/cmr/m/n/10 , for $\OML/cmm/m/it/10 i \OMS/cmsy/m/n/10 2 f\OT1/cmr/
m/n/10 1\OML/cmm/m/it/10 ; \OT1/cmr/m/n/10 2\OML/cmm/m/it/10 ; \OT1/cmr/m/n/10 
3\OML/cmm/m/it/10 ; \OT1/cmr/m/n/10 4\OMS/cmsy/m/n/10 g$\T1/cmr/m/n/10 ,
 []



[33] <xymatrix 12x4 1716> <xymatrix 4x4 568>
Overfull \hbox (53.29185pt too wide) in paragraph at lines 2641--2643
$[]$ $[]$ 
 []

<xymatrix 6x3 918>

[34] <xymatrix 4x3 586>
Overfull \hbox (56.84523pt too wide) in paragraph at lines 2650--2654
$[]$ $[]$ 
 []

<xymatrix 6x7 779>
Overfull \hbox (71.80165pt too wide) in paragraph at lines 2665--2682
$[]$ $[]$
 []


Overfull \hbox (0.47755pt too wide) detected at line 2690
[]
 []


Overfull \hbox (30.52365pt too wide) in paragraph at lines 2700--2700
[]\T1/cmr/bx/n/10 Lemma Ap-pendix A.17. []\T1/cmr/m/it/10 In $[]$, pushouts alo
ng ar-rows in $[]$ are $[]\OT1/cmr/m/n/10 ([])$\T1/cmr/m/it/10 -
 []



[35] <xymatrix 12x4 1716> <xymatrix 6x2 652> <xymatrix 6x3 808>
Overfull \hbox (44.5546pt too wide) in paragraph at lines 2721--2728
$[]$ $[]$ 
 []



[36] <xymatrix 4x2 362>

Package hyperref Warning: Token not allowed in a PDF string (Unicode):
(hyperref)                removing `\new@ifnextchar' on input line 2755.


Overfull \hbox (1.5432pt too wide) in paragraph at lines 2758--2760
[]\T1/cmr/m/n/10 Let $\OML/cmm/m/it/10 F \OT1/cmr/m/n/10 : [] \OMS/cmsy/m/n/10 
! \OT1/cmss/m/n/10 e[][]$ \T1/cmr/m/n/10 be a di-a-gram, with $\OML/cmm/m/it/10
 F\OT1/cmr/m/n/10 (\OML/cmm/m/it/10 d\OT1/cmr/m/n/10 ) = (\OML/cmm/m/it/10 A[];
 B[]; Q[]; s[]; t[]; q[]\OT1/cmr/m/n/10 )$\T1/cmr/m/n/10 .
 []

<xymatrix 3x3 407>
Overfull \hbox (47.83292pt too wide) in paragraph at lines 2767--2782
$[]$ $[]$ 
 []

<xymatrix 2x2 182>
Overfull \hbox (48.60197pt too wide) in paragraph at lines 2789--2791
$[]$ $[]$ 
 []

<xymatrix 4x4 569>
Overfull \hbox (46.92563pt too wide) in paragraph at lines 2792--2794
$[]$ $[]$ 
 []

<xymatrix 2x2 182>
Overfull \hbox (46.68091pt too wide) in paragraph at lines 2797--2801
$[]$ $[]$ 
 []



[37] <xymatrix 4x4 569>
Overfull \hbox (76.7785pt too wide) in paragraph at lines 2804--2806
$[]$ $[]$ 
 []

<xymatrix 2x2 182>
Overfull \hbox (71.03752pt too wide) in paragraph at lines 2807--2811
$[]$  $[]$
 []


Overfull \hbox (37.22935pt too wide) detected at line 2814
[]
 []

<xymatrix 2x2 182>
Overfull \hbox (40.62901pt too wide) in paragraph at lines 2829--2834
$[]$ $[]$ 
 []


Overfull \hbox (6.00206pt too wide) in paragraph at lines 2850--2851
[]\T1/cmr/m/n/10 Given $\OML/cmm/m/it/10 L [] [] [] \OMS/cmsy/m/n/10 ! []$ \T1/
cmr/m/n/10 and $\OML/cmm/m/it/10 R [] [] [] \OMS/cmsy/m/n/10 ! []$\T1/cmr/m/n/1
0 , we can also con-sider their du-als $\OML/cmm/m/it/10 L[] [] [] [][] \OMS/cm
sy/m/n/10 !
 []



[38] <xymatrix 4x2 362> <xymatrix 2x2 182>
Overfull \hbox (40.34912pt too wide) in paragraph at lines 2869--2872
$[]$ $[]$ 
 []



[39] <xymatrix 7x2 550>

[40] <xymatrix 4x2 362>
Overfull \hbox (42.1524pt too wide) in paragraph at lines 2901--2903
$[]$ $[]$ 
 []

<xymatrix 2x2 182>
Overfull \hbox (42.89934pt too wide) in paragraph at lines 2913--2917
$[]$ $[]$
 []

<xymatrix 3x2 145> <xymatrix 3x2 145>
Overfull \hbox (46.13252pt too wide) in paragraph at lines 2928--2933
$[]$  $[]$ 
 []



[41]

[42] (./finalArxiv.aux)
 ***********
LaTeX2e <2024-11-01> patch level 2
L3 programming layer <2025-01-18>
 ***********


LaTeX Font Warning: Some font shapes were not available, defaults substituted.

Package rerunfilecheck Info: File `finalArxiv.out' has not changed.
(rerunfilecheck)             Checksum: 24F9126EC3503383F3BCE96719423A00;4228.
 ) 
Here is how much of TeX's memory you used:
 33808 strings out of 475171
 639121 string characters out of 5767095
 1164878 words of memory out of 5000000
 55859 multiletter control sequences out of 15000+600000
 590434 words of font info for 130 fonts, out of 8000000 for 9000
 14 hyphenation exceptions out of 8191
 99i,29n,126p,3219b,1137s stack positions out of 10000i,1000n,20000p,200000b,200000s
</usr/share/texmf-dist/fonts/type1/public/amsfonts/cm/cmbsy10.pfb></usr/share
/texmf-dist/fonts/type1/public/amsfonts/cm/cmbx10.pfb></usr/share/texmf-dist/fo
nts/type1/public/amsfonts/cm/cmbx7.pfb></usr/share/texmf-dist/fonts/type1/publi
c/amsfonts/cm/cmex10.pfb></usr/share/texmf-dist/fonts/type1/public/amsfonts/cm/
cmmi10.pfb></usr/share/texmf-dist/fonts/type1/public/amsfonts/cm/cmmi5.pfb></us
r/share/texmf-dist/fonts/type1/public/amsfonts/cm/cmmi6.pfb></usr/share/texmf-d
ist/fonts/type1/public/amsfonts/cm/cmmi7.pfb></usr/share/texmf-dist/fonts/type1
/public/amsfonts/cm/cmmi9.pfb></usr/share/texmf-dist/fonts/type1/public/amsfont
s/cm/cmr10.pfb></usr/share/texmf-dist/fonts/type1/public/amsfonts/cm/cmr5.pfb><
/usr/share/texmf-dist/fonts/type1/public/amsfonts/cm/cmr6.pfb></usr/share/texmf
-dist/fonts/type1/public/amsfonts/cm/cmr7.pfb></usr/share/texmf-dist/fonts/type
1/public/amsfonts/cm/cmr9.pfb></usr/share/texmf-dist/fonts/type1/public/amsfont
s/cm/cmss10.pfb></usr/share/texmf-dist/fonts/type1/public/amsfonts/cm/cmss8.pfb
></usr/share/texmf-dist/fonts/type1/public/amsfonts/cm/cmsy10.pfb></usr/share/t
exmf-dist/fonts/type1/public/amsfonts/cm/cmsy5.pfb></usr/share/texmf-dist/fonts
/type1/public/amsfonts/cm/cmsy6.pfb></usr/share/texmf-dist/fonts/type1/public/a
msfonts/cm/cmsy7.pfb></usr/share/texmf-dist/fonts/type1/public/amsfonts/cm/cmsy
9.pfb></usr/share/texmf-dist/fonts/type1/public/amsfonts/symbols/msam10.pfb></u
sr/share/texmf-dist/fonts/type1/public/amsfonts/symbols/msbm10.pfb></usr/share/
texmf-dist/fonts/type1/public/amsfonts/symbols/msbm7.pfb></usr/share/texmf-dist
/fonts/type1/public/cm-super/sfbx0700.pfb></usr/share/texmf-dist/fonts/type1/pu
blic/cm-super/sfbx1000.pfb></usr/share/texmf-dist/fonts/type1/public/cm-super/s
frm0700.pfb></usr/share/texmf-dist/fonts/type1/public/cm-super/sfrm1000.pfb></u
sr/share/texmf-dist/fonts/type1/public/cm-super/sfrm1440.pfb></usr/share/texmf-
dist/fonts/type1/public/cm-super/sfti0600.pfb></usr/share/texmf-dist/fonts/type
1/public/cm-super/sfti0800.pfb></usr/share/texmf-dist/fonts/type1/public/cm-sup
er/sfti1000.pfb></usr/share/texmf-dist/fonts/type1/public/xypic/xyatip10.pfb></
usr/share/texmf-dist/fonts/type1/public/xypic/xybsql10.pfb></usr/share/texmf-di
st/fonts/type1/public/xypic/xybtip10.pfb></usr/share/texmf-dist/fonts/type1/pub
lic/xypic/xycmat10.pfb></usr/share/texmf-dist/fonts/type1/public/xypic/xycmbt10
.pfb>
Output written on finalArxiv.pdf (42 pages, 612483 bytes).
PDF statistics:
 989 PDF objects out of 1000 (max. 8388607)
 861 compressed objects within 9 object streams
 279 named destinations out of 1000 (max. 500000)
 189 words of extra memory for PDF output out of 10000 (max. 10000000)

